Microsoft HTML Help Compiler 4.74.8702

Compiling d:\Dev\AutoItV3 Dev\Libraries\FileLibGit\FileLib\help\chm\CyrusBuilt FileLib.chm

Function Reference.html
_DiskExist.html
_FileCompare.html
_FileExtension.html
_FileIsDir.html
_FileRecurseBuildList.html
_GetFileLibVersion.html
About.html
license.txt
blue_gradient_1024x24.jpg
changelog.txt
default.css
_DiskInfoToArray.html
_DiskIsNetwork.html
_FileGetFileName.html
File Operation Constants.html
_FileCopyDlg.html
_FileMoveDlg.html
_FileDeleteDlg.html
_FileRenameDlg.html
_FileCheckDirEmpty.html
_FileGetDirFromPath.html
_FileTruncateName.html
_FileGetSystemDrive.html
_FileGetProfilesDir.html
_FileRemoveDirIfEmpty.html
_DirMakeSymLink.html
_DirIsSymlink.html
Table of Contents.hhc
Index.hhk

Compile time: 0 minutes, 0 seconds
28	Topics
204	Local links
5	Internet links
0	Graphics


Created d:\Dev\AutoItV3 Dev\Libraries\FileLibGit\FileLib\help\chm\CyrusBuilt FileLib.chm, 43,244 bytes
Compression decreased file by 79,126 bytes.
